<?xml version="1.0" encoding="UTF-8"?>
<testng-results total="2" passed="2" failed="0" skipped="0">
  <reporter-output>
  </reporter-output>
  <suite started-at="2024-07-23T12:34:51Z" name="Test Suite for Buildout" finished-at="2024-07-23T12:35:52Z" duration-ms="60563">
    <groups>
    </groups>
    <test started-at="2024-07-23T12:34:51Z" name="Test Cases for Buildout" finished-at="2024-07-23T12:35:52Z" duration-ms="60563">
      <class name="demo.TestCases">
        <test-method is-config="true" signature="startBrowser()[pri:0, instance:demo.TestCases@4189d70b]" started-at="2024-07-23T18:04:51Z" name="startBrowser" finished-at="2024-07-23T18:04:57Z" duration-ms="5504" status="PASS">
          <reporter-output>
          </reporter-output>
        </test-method> <!-- startBrowser -->
        <test-method signature="testCase01()[pri:1, instance:demo.TestCases@4189d70b]" started-at="2024-07-23T18:04:57Z" name="testCase01" description="TestCase01" finished-at="2024-07-23T18:05:29Z" duration-ms="32842" status="PASS">
          <reporter-output>
          </reporter-output>
        </test-method> <!-- testCase01 -->
        <test-method signature="testCase02()[pri:1, instance:demo.TestCases@4189d70b]" started-at="2024-07-23T18:05:29Z" name="testCase02" description="TestCase01" finished-at="2024-07-23T18:05:51Z" duration-ms="21292" status="PASS">
          <reporter-output>
          </reporter-output>
        </test-method> <!-- testCase02 -->
        <test-method is-config="true" signature="endTest()[pri:0, instance:demo.TestCases@4189d70b]" started-at="2024-07-23T18:05:51Z" name="endTest" finished-at="2024-07-23T18:05:52Z" duration-ms="897" status="PASS">
          <reporter-output>
          </reporter-output>
        </test-method> <!-- endTest -->
      </class> <!-- demo.TestCases -->
    </test> <!-- Test Cases for Buildout -->
  </suite> <!-- Test Suite for Buildout -->
</testng-results>
